<?xml version="1.0" encoding="UTF-8"?>
<testng-results skipped="0" failed="0" total="4" passed="4">
  <reporter-output>
  </reporter-output>
  <suite name="ESBTestSuite" duration-ms="6390" started-at="2015-04-16T13:02:35Z" finished-at="2015-04-16T13:02:42Z">
    <groups>
      <group name="java.lang.reflect.Method">
        <method signature="org.wso2.carbon.connector.integration.test.chargebee.ChargebeeConnectorIntegrationTest.testCreateCouponWithMandatoryParameters()" name="testCreateCouponWithMandatoryParameters" class="org.wso2.carbon.connector.integration.test.chargebee.ChargebeeConnectorIntegrationTest"/>
        <method signature="org.wso2.carbon.connector.integration.test.chargebee.ChargebeeConnectorIntegrationTest.testGetCouponWithMandatoryParameters()" name="testGetCouponWithMandatoryParameters" class="org.wso2.carbon.connector.integration.test.chargebee.ChargebeeConnectorIntegrationTest"/>
        <method signature="org.wso2.carbon.connector.integration.test.chargebee.ChargebeeConnectorIntegrationTest.testCreateCouponWithOptionalParameters()" name="testCreateCouponWithOptionalParameters" class="org.wso2.carbon.connector.integration.test.chargebee.ChargebeeConnectorIntegrationTest"/>
        <method signature="org.wso2.carbon.connector.integration.test.chargebee.ChargebeeConnectorIntegrationTest.testCreateCouponWithNegativeCase()" name="testCreateCouponWithNegativeCase" class="org.wso2.carbon.connector.integration.test.chargebee.ChargebeeConnectorIntegrationTest"/>
      </group>
    </groups>
    <test name="ChargeBee-Connector-Test" duration-ms="6390" started-at="2015-04-16T13:02:35Z" finished-at="2015-04-16T13:02:42Z">
      <class name="org.wso2.carbon.connector.integration.test.chargebee.ChargebeeConnectorIntegrationTest">
        <test-method status="PASS" signature="setEnvironment()" name="setEnvironment" is-config="true" duration-ms="380" started-at="2015-04-16T13:02:35Z" finished-at="2015-04-16T13:02:36Z">
        </test-method>
        <test-method status="PASS" signature="testCreateCouponWithMandatoryParameters()" name="testCreateCouponWithMandatoryParameters" duration-ms="3784" started-at="2015-04-16T13:02:36Z" description="chargebee {createCoupon} integration test with mandatory parameters." finished-at="2015-04-16T13:02:39Z">
        </test-method>
        <test-method status="PASS" signature="testGetCouponWithMandatoryParameters()" name="testGetCouponWithMandatoryParameters" duration-ms="610" started-at="2015-04-16T13:02:39Z" description="chargebee {getCoupon} integration test with mandatory parameters." depends-on-methods="org.wso2.carbon.connector.integration.test.chargebee.ChargebeeConnectorIntegrationTest.testCreateCouponWithMandatoryParameters" finished-at="2015-04-16T13:02:40Z">
        </test-method>
        <test-method status="PASS" signature="testCreateCouponWithOptionalParameters()" name="testCreateCouponWithOptionalParameters" duration-ms="823" started-at="2015-04-16T13:02:40Z" description="chargebee {createCoupon} integration test with optional parameters." finished-at="2015-04-16T13:02:41Z">
        </test-method>
        <test-method status="PASS" signature="testCreateCouponWithNegativeCase()" name="testCreateCouponWithNegativeCase" duration-ms="771" started-at="2015-04-16T13:02:41Z" description="chargebee {createUser} integration test with negative case." finished-at="2015-04-16T13:02:42Z">
        </test-method>
        <test-method status="PASS" signature="cleanUpEsb()" name="cleanUpEsb" is-config="true" duration-ms="0" started-at="2015-04-16T13:02:42Z" finished-at="2015-04-16T13:02:42Z">
        </test-method>
      </class>
    </test>
  </suite>
</testng-results>
